nohup: ignoring input
=== Phase 1: Training ===
[transformers] `torch_dtype` is deprecated! Use `dtype` instead!
[liger] fused CE kernel available
[preset] 5090: batch=16×8, 4bit=False, attn=sdpa

Loading weights:   0%|          | 0/311 [00:00<?, ?it/s]
Loading weights:   1%|          | 2/311 [00:00<00:17, 17.80it/s]
Loading weights:  44%|████▎     | 136/311 [00:00<00:00, 754.34it/s]
Loading weights:  86%|████████▌ | 268/311 [00:00<00:00, 1000.37it/s]
Loading weights: 100%|██████████| 311/311 [00:00<00:00, 906.25it/s] 
[transformers] The new embeddings will be initialized from a multivariate normal distribution that has old embeddings' mean and covariance. As described in this article: https://nlp.stanford.edu/~johnhew/vocab-expansion.html. To disable this, use `mean_resizing=False`
[transformers] The tokenizer has new PAD/BOS/EOS tokens that differ from the model config and generation config. The model config and generation config were aligned accordingly, being updated with the tokenizer's values. Updated tokens: {'bos_token_id': None, 'pad_token_id': 151643}.
[ckpt] disabled — trading VRAM for speed
[sid-embed] 2048/153717 rows trainable via separate sid_embed param (2,097,152 params)
trainable params: 169,595,904 || all params: 610,063,360 || trainable%: 27.7997
[data] train=161592, eval=500, steps≈3786
[sid] auto-detected depth=3 (non_masked=6)
[opt] excluding full embedding, optimizer tracks 12,189,696 params (vs 169,595,904 total trainable)

  0%|          | 0/3789 [00:00<?, ?it/s]
  0%|          | 1/3789 [00:06<7:05:24,  6.74s/it]

 13%|█▎        | 500/3789 [42:59<4:40:00,  5.11s/it]
                                                    

 13%|█▎        | 500/3789 [42:59<4:40:00,  5.11s/it]{'loss': '50.64', 'grad_norm': '37.17', 'learning_rate': '0.000198', 'epoch': '0.07921'}
{'loss': '6.575', 'grad_norm': '0.2014', 'learning_rate': '0.0001996', 'epoch': '0.1584'}
{'loss': '0.006977', 'grad_norm': '0.03198', 'learning_rate': '0.0001986', 'epoch': '0.2376'}
{'loss': '0.002575', 'grad_norm': '0.01896', 'learning_rate': '0.0001968', 'epoch': '0.3168'}
{'loss': '0.00206', 'grad_norm': '0.01569', 'learning_rate': '0.0001943', 'epoch': '0.396'}


  0%|          | 0/63 [00:00<?, ?it/s][A

 98%|█████████▊| 62/63 [00:04<00:00, 13.51it/s][A
                                                                      
[A
 13%|█▎        | 500/3789 [43:04<4:40:00,  5.11s/it]

100%|██████████| 63/63 [00:04<00:00, 13.51it/s][A

                                               [A/root/miniconda3/lib/python3.12/site-packages/peft/utils/save_and_load.py:386: UserWarning: Setting `save_embedding_layers` to `True` as the embedding layer has been resized during finetuning.
  warnings.warn(

 13%|█▎        | 501/3789 [43:10<6:21:29,  6.96s/it]
 26%|██▋       | 1000/3789 [1:26:04<3:59:59,  5.16s/it]
                                                       

 26%|██▋       | 1000/3789 [1:26:04<3:59:59,  5.16s/it]{'eval_loss': '22.06', 'eval_runtime': '5.177', 'eval_samples_per_second': '96.58', 'eval_steps_per_second': '12.17', 'epoch': '0.396'}
{'loss': '0.001763', 'grad_norm': '0.01679', 'learning_rate': '0.0001911', 'epoch': '0.4752'}
{'loss': '0.001565', 'grad_norm': '0.01217', 'learning_rate': '0.0001873', 'epoch': '0.5545'}
{'loss': '0.001424', 'grad_norm': '0.01149', 'learning_rate': '0.0001828', 'epoch': '0.6337'}
{'loss': '0.001314', 'grad_norm': '0.01169', 'learning_rate': '0.0001777', 'epoch': '0.7129'}
{'loss': '0.001238', 'grad_norm': '0.01145', 'learning_rate': '0.0001721', 'epoch': '0.7921'}


  0%|          | 0/63 [00:00<?, ?it/s][A

 
 98%|█████████▊| 62/63 [00:04<00:00, 13.55it/s][A
                                                       

                                               
[A
 26%|██▋       | 1000/3789 [1:26:09<3:59:59,  5.16s/it]

100%|██████████| 63/63 [00:04<00:00, 13.55it/s][A

                                               [A/root/miniconda3/lib/python3.12/site-packages/peft/utils/save_and_load.py:386: UserWarning: Setting `save_embedding_layers` to `True` as the embedding layer has been resized during finetuning.
  warnings.warn(

 26%|██▋       | 1001/3789 [1:26:15<5:26:15,  7.02s/it]
 
 40%|███▉      | 1500/3789 [2:09:06<3:15:24,  5.12s/it]
                                                       

 40%|███▉      | 1500/3789 [2:09:06<3:15:24,  5.12s/it]{'loss': '0.001069', 'grad_norm': '0.008854', 'learning_rate': '0.0001522', 'epoch': '1.029'}
{'loss': '0.001039', 'grad_norm': '0.008499', 'learning_rate': '0.0001448', 'epoch': '1.109'}
{'loss': '0.001011', 'grad_norm': '0.008677', 'learning_rate': '0.000137', 'epoch': '1.188'}


  0%|          | 0/63 [00:00<?, ?it/s][A

 98%|█████████▊| 62/63 [00:04<00:00, 13.53it/s][A
                                                       

                                               
[A
 40%|███▉      | 1500/3789 [2:09:11<3:15:24,  5.12s/it]

100%|██████████| 63/63 [00:04<00:00, 13.53it/s][A

                                               [A/root/miniconda3/lib/python3.12/site-packages/peft/utils/save_and_load.py:386: UserWarning: Setting `save_embedding_layers` to `True` as the embedding layer has been resized during finetuning.
  warnings.warn(

 40%|███▉      | 1501/3789 [2:09:17<4:26:05,  6.98s/it]
 
 53%|█████▎    | 2000/3789 [2:52:10<2:32:10,  5.10s/it]
                                                       

 53%|█████▎    | 2000/3789 [2:52:10<2:32:10,  5.10s/it]{'eval_loss': '22.81', 'eval_runtime': '5.199', 'eval_samples_per_second': '96.18', 'eval_steps_per_second': '12.12', 'epoch': '1.188'}
{'loss': '0.0009793', 'grad_norm': '0.008182', 'learning_rate': '0.000129', 'epoch': '1.267'}
{'loss': '0.0009553', 'grad_norm': '0.008299', 'learning_rate': '0.0001208', 'epoch': '1.346'}
{'loss': '0.0009342', 'grad_norm': '0.007746', 'learning_rate': '0.0001124', 'epoch': '1.425'}
{'loss': '0.0009126', 'grad_norm': '0.007534', 'learning_rate': '0.0001039', 'epoch': '1.505'}
{'loss': '0.0008961', 'grad_norm': '0.007403', 'learning_rate': '9.536e-05', 'epoch': '1.584'}


  0%|          | 0/63 [00:00<?, ?it/s][A
 98%|█████████▊| 62/63 [00:04<00:00, 13.53it/s][A
                                                       

                                               
[A
 53%|█████▎    | 2000/3789 [2:52:15<2:32:10,  5.10s/it]

100%|██████████| 63/63 [00:04<00:00, 13.53it/s][A

                                               [A/root/miniconda3/lib/python3.12/site-packages/peft/utils/save_and_load.py:386: UserWarning: Setting `save_embedding_layers` to `True` as the embedding layer has been resized during finetuning.
  warnings.warn(

 53%|█████▎    | 2001/3789 [2:52:21<3:27:24,  6.96s/it]

 66%|██████▌   | 2500/3789 [3:35:15<1:50:39,  5.15s/it]
                                                       

 66%|██████▌   | 2500/3789 [3:35:15<1:50:39,  5.15s/it]{'eval_loss': '23', 'eval_runtime': '5.286', 'eval_samples_per_second': '94.58', 'eval_steps_per_second': '11.92', 'epoch': '1.584'}
{'loss': '0.0008754', 'grad_norm': '0.0072', 'learning_rate': '8.688e-05', 'epoch': '1.663'}
{'loss': '0.0008639', 'grad_norm': '0.007414', 'learning_rate': '7.85e-05', 'epoch': '1.742'}
{'loss': '0.0008475', 'grad_norm': '0.007132', 'learning_rate': '7.027e-05', 'epoch': '1.821'}
{'loss': '0.0008355', 'grad_norm': '0.006856', 'learning_rate': '6.225e-05', 'epoch': '1.901'}
{'loss': '0.0008247', 'grad_norm': '0.006792', 'learning_rate': '5.451e-05', 'epoch': '1.98'}


  0%|          | 0/63 [00:00<?, ?it/s][A
 98%|█████████▊| 62/63 [00:04<00:00, 13.52it/s][A
                                                       

                                               
[A
 66%|██████▌   | 2500/3789 [3:35:20<1:50:39,  5.15s/it]

100%|██████████| 63/63 [00:04<00:00, 13.52it/s][A

                                               [A/root/miniconda3/lib/python3.12/site-packages/peft/utils/save_and_load.py:386: UserWarning: Setting `save_embedding_layers` to `True` as the embedding layer has been resized during finetuning.
  warnings.warn(

                                                       

 66%|██████▌   | 2500/3789 [3:35:22<1:50:39,  5.15s/it]
 66%|██████▌   | 2500/3789 [3:35:22<1:51:02,  5.17s/it]
/root/miniconda3/lib/python3.12/site-packages/peft/utils/save_and_load.py:386: UserWarning: Setting `save_embedding_layers` to `True` as the embedding layer has been resized during finetuning.
  warnings.warn(
{'eval_loss': '23.08', 'eval_runtime': '5.163', 'eval_samples_per_second': '96.85', 'eval_steps_per_second': '12.2', 'epoch': '1.98'}
{'train_runtime': '1.292e+04', 'train_samples_per_second': '37.52', 'train_steps_per_second': '0.293', 'train_loss': '2.29', 'epoch': '1.98'}
[save] saving model to out/sid_generator
[save] embed_weight ((153717, 1024)) → embed_weight.pt

  0%|          | 0/63 [00:00<?, ?it/s]

100%|██████████| 63/63 [00:04<00:00, 12.90it/s]
[final] eval_sid_accuracy = N/A
=== Done ===
